c:\users\rdpsi\desktop\renderer\renderer\debug\vc141.pdb
c:\users\rdpsi\desktop\renderer\renderer\debug\vc141.idb
c:\users\rdpsi\desktop\renderer\renderer\debug\shader.obj
c:\users\rdpsi\desktop\renderer\renderer\debug\application.obj
c:\users\rdpsi\desktop\renderer\renderer\debug\vertexarray.obj
c:\users\rdpsi\desktop\renderer\renderer\debug\texture.obj
c:\users\rdpsi\desktop\renderer\renderer\debug\exrenderer.obj
c:\users\rdpsi\desktop\renderer\renderer\debug\camera.obj
c:\users\rdpsi\desktop\renderer\renderer\debug\stb_image.obj
c:\users\rdpsi\desktop\renderer\renderer\debug\imgui_widgets.obj
c:\users\rdpsi\desktop\renderer\renderer\debug\imgui_draw.obj
c:\users\rdpsi\desktop\renderer\renderer\debug\imgui_demo.obj
c:\users\rdpsi\desktop\renderer\renderer\debug\imgui.obj
c:\users\rdpsi\desktop\renderer\renderer\debug\glm.obj
c:\users\rdpsi\desktop\renderer\renderer\debug\glad.obj
c:\users\rdpsi\desktop\renderer\debug\exrenderer.pdb
c:\users\rdpsi\desktop\renderer\renderer\debug\exrenderer.tlog\cl.command.1.tlog
c:\users\rdpsi\desktop\renderer\renderer\debug\exrenderer.tlog\cl.read.1.tlog
c:\users\rdpsi\desktop\renderer\renderer\debug\exrenderer.tlog\cl.write.1.tlog
c:\users\rdpsi\desktop\renderer\renderer\debug\exrenderer.tlog\link.3432-cvtres.read.1.tlog
c:\users\rdpsi\desktop\renderer\renderer\debug\exrenderer.tlog\link.3432-cvtres.write.1.tlog
c:\users\rdpsi\desktop\renderer\renderer\debug\exrenderer.tlog\link.3432-rc.read.1.tlog
c:\users\rdpsi\desktop\renderer\renderer\debug\exrenderer.tlog\link.3432-rc.write.1.tlog
c:\users\rdpsi\desktop\renderer\renderer\debug\exrenderer.tlog\link.3432.read.1.tlog
c:\users\rdpsi\desktop\renderer\renderer\debug\exrenderer.tlog\link.3432.write.1.tlog
c:\users\rdpsi\desktop\renderer\renderer\debug\exrenderer.tlog\link.command.1.tlog
c:\users\rdpsi\desktop\renderer\renderer\debug\exrenderer.tlog\link.read.1.tlog
c:\users\rdpsi\desktop\renderer\renderer\debug\exrenderer.tlog\link.write.1.tlog
