C:\Program Files (x86)\Microsoft Visual Studio\2017\Enterprise\Common7\IDE\VC\VCTargets\Microsoft.CppBuild.targets(391,5): warning MSB8028: The intermediate directory (Debug\) contains files shared from another project (Renderer.vcxproj).  This can lead to incorrect clean and rebuild behavior.
  glm.cpp
  imgui.cpp
  imgui_demo.cpp
  imgui_draw.cpp
  imgui_widgets.cpp
  stb_image.cpp
  Camera.cpp
  exRenderer.cpp
  Texture.cpp
  VertexArray.cpp
c:\users\rdpsi\desktop\dev\renderer\renderer\src\vertexarray.cpp(13): warning C4018: '<': signed/unsigned mismatch
  Application.cpp
  Shader.cpp
c:\users\rdpsi\desktop\dev\renderer\renderer\src\shader.cpp(110): warning C4244: 'argument': conversion from 'const _Ty' to 'GLint', possible loss of data
          with
          [
              _Ty=float
          ]
c:\users\rdpsi\desktop\dev\renderer\renderer\src\shader.cpp(113): warning C4244: 'argument': conversion from 'const _Ty' to 'GLint', possible loss of data
          with
          [
              _Ty=float
          ]
c:\users\rdpsi\desktop\dev\renderer\renderer\src\shader.cpp(116): warning C4244: 'argument': conversion from 'const _Ty' to 'GLint', possible loss of data
          with
          [
              _Ty=float
          ]
c:\users\rdpsi\desktop\dev\renderer\renderer\src\shader.cpp(119): warning C4244: 'argument': conversion from 'const _Ty' to 'GLint', possible loss of data
          with
          [
              _Ty=float
          ]
  Generating Code...
c:\users\rdpsi\desktop\dev\renderer\renderer\src\vertexarray.cpp(35): warning C4715: 'VertexArray::getTypeSize': not all control paths return a value
  glad.c
c:\program files (x86)\windows kits\10\include\10.0.17134.0\shared\minwindef.h(130): warning C4005: 'APIENTRY': macro redefinition
  c:\users\rdpsi\desktop\dev\renderer\renderer\include\glad\glad.h(32): note: see previous definition of 'APIENTRY'
LINK : warning LNK4098: defaultlib 'MSVCRT' conflicts with use of other libs; use /NODEFAULTLIB:library
  Renderer.vcxproj -> C:\Users\rdpsi\Desktop\dev\Renderer\Debug\exRenderer.exe
